

*******************************************************************************
Wed Mar  5 18:42:18 2025


FIT:    data read from 'diagonalization.txt'
        format = z
        #datapoints = 10
        residuals are weighted equally (unit weight)

function used for fitting: f(x)
	f(x) = a*x**b
fitted parameters initialized with current variable values

iter      chisq       delta/lim  lambda   a             b            
   0 1.9784009439e+12   0.00e+00  4.29e+06    1.000000e+00   3.000000e+00
  80 3.4288148363e-03  -2.19e-03  4.29e-05    1.490290e-05   2.405123e+00

After 80 iterations the fit converged.
final sum of squares of residuals : 0.00342881
rel. change during last iteration : -2.1914e-08

degrees of freedom    (FIT_NDF)                        : 8
rms of residuals      (FIT_STDFIT) = sqrt(WSSR/ndf)    : 0.0207027
variance of residuals (reduced chisquare) = WSSR/ndf   : 0.000428602

Final set of parameters            Asymptotic Standard Error
=======================            ==========================
a               = 1.49029e-05      +/- 5.593e-06    (37.53%)
b               = 2.40512          +/- 0.08331      (3.464%)

correlation matrix of the fit parameters:
                a      b      
a               1.000 
b              -0.999  1.000 
